Using pre-set license
Built from '2020.2/staging' branch; Version is '2020.2.6f1 (8a2143876886) revision 9052483'; Using compiler version '192528614'; Build Type 'Release'
OS: 'Windows 10 Home; OS build 19042.985; Version 2009; 64bit' Language: 'en' Physical Memory: 6058 MB
BatchMode: 1, IsHumanControllingUs: 0, StartBugReporterOnCrash: 0, Is64bit: 1, IsPro: 0

 COMMAND LINE ARGUMENTS:
C:\Program Files\Unity\Hub\Editor\2020.2.6f1\Editor\Unity.exe
-adb2
-batchMode
-noUpm
-name
AssetImportWorker0
-projectPath
C:/Users/x_ana/vjdipri/Bandage-studio-main
-logFile
Logs/AssetImportWorker0.log
-srvPort
50809
Successfully changed project path to: C:/Users/x_ana/vjdipri/Bandage-studio-main
C:/Users/x_ana/vjdipri/Bandage-studio-main
Using Asset Import Pipeline V2.
Refreshing native plugins compatible for Editor in 42.58 ms, found 0 plugins.
Preloading 0 native plugins for Editor in 0.00 ms.
Initialize engine version: 2020.2.6f1 (8a2143876886)
[Subsystems] Discovering subsystems at path C:/Program Files/Unity/Hub/Editor/2020.2.6f1/Editor/Data/Resources/UnitySubsystems
[Subsystems] Discovering subsystems at path C:/Users/x_ana/vjdipri/Bandage-studio-main/Assets
GfxDevice: creating device client; threaded=0
Direct3D:
    Version:  Direct3D 11.0 [level 11.1]
    Renderer: AMD Radeon(TM) Vega 8 Graphics (ID=0x15d8)
    Vendor:   
    VRAM:     3029 MB
    Driver:   27.20.15002.118
Initialize mono
Mono path[0] = 'C:/Program Files/Unity/Hub/Editor/2020.2.6f1/Editor/Data/Managed'
Mono path[1] = 'C:/Program Files/Unity/Hub/Editor/2020.2.6f1/Editor/Data/MonoBleedingEdge/lib/mono/unityjit'
Mono config path = 'C:/Program Files/Unity/Hub/Editor/2020.2.6f1/Editor/Data/MonoBleedingEdge/etc'
Using monoOptions --debugger-agent=transport=dt_socket,embedding=1,server=y,suspend=n,address=127.0.0.1:56616
Begin MonoManager ReloadAssembly
Registering precompiled unity dll's ...
Register platform support module: C:/Program Files/Unity/Hub/Editor/2020.2.6f1/Editor/Data/PlaybackEngines/WindowsStandaloneSupport/UnityEditor.WindowsStandalone.Extensions.dll
Registered in 0.002188 seconds.
Native extension for WindowsStandalone target not found
Refreshing native plugins compatible for Editor in 35.23 ms, found 0 plugins.
Preloading 0 native plugins for Editor in 0.00 ms.
Invoked RoslynAnalysisRunner static constructor.
RoslynAnalysisRunner will not be running.
RoslynAnalysisRunner has terminated.
Mono: successfully reloaded assembly
- Completed reload, in  1.242 seconds
Platform modules already initialized, skipping
Registering precompiled user dll's ...
Registered in 0.001020 seconds.
Begin MonoManager ReloadAssembly
Native extension for WindowsStandalone target not found
Refreshing native plugins compatible for Editor in 0.45 ms, found 0 plugins.
Preloading 0 native plugins for Editor in 0.00 ms.
Invoked RoslynAnalysisRunner static constructor.
RoslynAnalysisRunner will not be running.
RoslynAnalysisRunner has terminated.
Mono: successfully reloaded assembly
- Completed reload, in  1.049 seconds
Platform modules already initialized, skipping
========================================================================
Worker process is ready to serve import requests
Launched and connected shader compiler UnityShaderCompiler.exe after 0.06 seconds
Refreshing native plugins compatible for Editor in 0.53 ms, found 0 plugins.
Preloading 0 native plugins for Editor in 0.00 ms.
Unloading 1292 Unused Serialized files (Serialized files now loaded: 0)
System memory in use before: 79.8 MB.
System memory in use after: 79.4 MB.

Unloading 11 unused Assets to reduce memory usage. Loaded Objects now: 1739.
Total: 3.140000 ms (FindLiveObjects: 0.368900 ms CreateObjectMapping: 0.160400 ms MarkObjects: 2.110100 ms  DeleteObjects: 0.498300 ms)

========================================================================
Received Import Request.
  path: Assets/bolnica horor.unity
  artifactKey: Guid(2dc4f18efb340ec4f9acb22d9f1f68d0) Importer(815301076,1909f56bfc062723c751e8b465ee728b)
Start importing Assets/bolnica horor.unity using Guid(2dc4f18efb340ec4f9acb22d9f1f68d0) Importer(815301076,1909f56bfc062723c751e8b465ee728b)  -> (artifact id: '1e8b63cc21937adb666cc8f710879a8a') in 0.020941 seconds
  Import took 0.024851 seconds .

========================================================================
Received Import Request.
  Time since last request: 192.904398 seconds.
  path: Assets/bolnica horor.unity
  artifactKey: Guid(2dc4f18efb340ec4f9acb22d9f1f68d0) Importer(815301076,1909f56bfc062723c751e8b465ee728b)
Start importing Assets/bolnica horor.unity using Guid(2dc4f18efb340ec4f9acb22d9f1f68d0) Importer(815301076,1909f56bfc062723c751e8b465ee728b)  -> (artifact id: '0606a367ab195af1eacdf5bb866bea90') in 0.003890 seconds
  Import took 0.008400 seconds .

========================================================================
Received Import Request.
  Time since last request: 152.905412 seconds.
  path: Assets/bolnica horor.unity
  artifactKey: Guid(2dc4f18efb340ec4f9acb22d9f1f68d0) Importer(815301076,1909f56bfc062723c751e8b465ee728b)
Start importing Assets/bolnica horor.unity using Guid(2dc4f18efb340ec4f9acb22d9f1f68d0) Importer(815301076,1909f56bfc062723c751e8b465ee728b)  -> (artifact id: '9397cced2feb202f75bfb75c65abe998') in 0.004902 seconds
  Import took 0.008744 seconds .

========================================================================
Received Import Request.
  Time since last request: 49.965899 seconds.
  path: Assets/bolnica horor.unity
  artifactKey: Guid(2dc4f18efb340ec4f9acb22d9f1f68d0) Importer(815301076,1909f56bfc062723c751e8b465ee728b)
Start importing Assets/bolnica horor.unity using Guid(2dc4f18efb340ec4f9acb22d9f1f68d0) Importer(815301076,1909f56bfc062723c751e8b465ee728b)  -> (artifact id: 'cd5023b01894c525ec05d7ccf2cab71b') in 0.005002 seconds
  Import took 0.008758 seconds .

========================================================================
Received Prepare
Registering precompiled user dll's ...
Registered in 0.001208 seconds.
Begin MonoManager ReloadAssembly
Native extension for WindowsStandalone target not found
Refreshing native plugins compatible for Editor in 0.54 ms, found 0 plugins.
Preloading 0 native plugins for Editor in 0.00 ms.
Invoked RoslynAnalysisRunner static constructor.
RoslynAnalysisRunner will not be running.
RoslynAnalysisRunner has terminated.
Mono: successfully reloaded assembly
- Completed reload, in  0.949 seconds
Platform modules already initialized, skipping
Refreshing native plugins compatible for Editor in 0.46 ms, found 0 plugins.
Preloading 0 native plugins for Editor in 0.00 ms.
Unloading 1201 Unused Serialized files (Serialized files now loaded: 0)
System memory in use before: 72.9 MB.
System memory in use after: 72.7 MB.

Unloading 6 unused Assets to reduce memory usage. Loaded Objects now: 1741.
Total: 3.206200 ms (FindLiveObjects: 0.225000 ms CreateObjectMapping: 0.051900 ms MarkObjects: 2.427100 ms  DeleteObjects: 0.499600 ms)

========================================================================
Received Import Request.
  Time since last request: 141.943132 seconds.
  path: Assets/bolnica horor.unity
  artifactKey: Guid(2dc4f18efb340ec4f9acb22d9f1f68d0) Importer(815301076,1909f56bfc062723c751e8b465ee728b)
Start importing Assets/bolnica horor.unity using Guid(2dc4f18efb340ec4f9acb22d9f1f68d0) Importer(815301076,1909f56bfc062723c751e8b465ee728b)  -> (artifact id: 'd153023892171d49e3d8aa0314fff7ae') in 0.023657 seconds
  Import took 0.030252 seconds .

========================================================================
Received Import Request.
  Time since last request: 381.921316 seconds.
  path: Assets/bolnica horor.unity
  artifactKey: Guid(2dc4f18efb340ec4f9acb22d9f1f68d0) Importer(815301076,1909f56bfc062723c751e8b465ee728b)
Start importing Assets/bolnica horor.unity using Guid(2dc4f18efb340ec4f9acb22d9f1f68d0) Importer(815301076,1909f56bfc062723c751e8b465ee728b)  -> (artifact id: 'b04a24dc3b7c18218f450c7a00226b82') in 0.039809 seconds
  Import took 0.044226 seconds .

========================================================================
Received Import Request.
  Time since last request: 774.426701 seconds.
  path: Assets/bolnica horor.unity
  artifactKey: Guid(2dc4f18efb340ec4f9acb22d9f1f68d0) Importer(815301076,1909f56bfc062723c751e8b465ee728b)
Start importing Assets/bolnica horor.unity using Guid(2dc4f18efb340ec4f9acb22d9f1f68d0) Importer(815301076,1909f56bfc062723c751e8b465ee728b)  -> (artifact id: 'c259a428fec9cf077967d66531027956') in 0.004953 seconds
  Import took 0.009740 seconds .

AssetImportWorkerClient::OnTransportError - code=2 error=End of file
